Command line:
   Mux_JR_isim_beh.exe
     -simmode  gui
     -simrunnum  0
     -socket  57024

Tue Dec 01 13:56:04 2020


 Elaboration Time: 0.03125 sec

 Current Memory Usage: 5149.85 Meg

 Total Signals          : 4
 Total Nets             : 19
 Total Signal Drivers   : 1
 Total Blocks           : 2
 Total Primitive Blocks : 2
 Total Processes        : 1
 Total Traceable Variables  : 8
 Total Scalar Nets and Variables : 379
Total Line Count : 1

 Total Simulation Time: 0.03125 sec

 Current Memory Usage: 5149.85 Meg

Tue Dec 01 13:56:06 2020

